{"uuid":"388e3f18-fbab-4159-82b7-1dbef6d4a96e","historyId":"ce1c7a3ae6f82148f84f3fc6cd16089d","fullName":"BuyTicketTest.Buyticket","labels":[{"name":"package","value":"BuyTicketTest"},{"name":"testClass","value":"BuyTicketTest"},{"name":"testMethod","value":"Buyticket"},{"name":"parentSuite","value":"Default Suite"},{"name":"suite","value":"FinalProject"},{"name":"subSuite","value":"BuyTicketTest"},{"name":"host","value":"t-gogia"},{"name":"thread","value":"45080@t-gogia.main(1)"},{"name":"framework","value":"testng"},{"name":"language","value":"java"}],"links":[],"name":"Buyticket","status":"failed","statusDetails":{"known":false,"muted":false,"flaky":false,"message":"Invalid element state [By.className: fAkIBH]: element click intercepted: Element <button id=\"continueButton2\" class=\"style__GenericButton-nm7nxs-0 style__StyledButton-nm7nxs-1 mwDTa fAkIBH\" style=\"justify-self: flex-end; min-width: 9rem;\">...</button> is not clickable at point (1004, 637). Other element would receive the click: <div class=\"styles_acceptCookiesContainer__22cuY\">...</div>\r\nScreenshot: file:/C:/Users/tornike.gogia/IdeaProjects/FinalProject/build/reports/tests/1679480625506.0.png\r\nPage source: file:/C:/Users/tornike.gogia/IdeaProjects/FinalProject/build/reports/tests/1679480625506.0.html\r\nTimeout: 4 s.\r\nCaused by: ElementClickInterceptedException: element click intercepted: Element <button id=\"continueButton2\" class=\"style__GenericButton-nm7nxs-0 style__StyledButton-nm7nxs-1 mwDTa fAkIBH\" style=\"justify-self: flex-end; min-width: 9rem;\">...</button> is not clickable at point (1004, 637). Other element would receive the click: <div class=\"styles_acceptCookiesContainer__22cuY\">...</div>","trace":"Invalid element state [By.className: fAkIBH]: element click intercepted: Element <button id=\"continueButton2\" class=\"style__GenericButton-nm7nxs-0 style__StyledButton-nm7nxs-1 mwDTa fAkIBH\" style=\"justify-self: flex-end; min-width: 9rem;\">...</button> is not clickable at point (1004, 637). Other element would receive the click: <div class=\"styles_acceptCookiesContainer__22cuY\">...</div>\r\nScreenshot: file:/C:/Users/tornike.gogia/IdeaProjects/FinalProject/build/reports/tests/1679480625506.0.png\r\nPage source: file:/C:/Users/tornike.gogia/IdeaProjects/FinalProject/build/reports/tests/1679480625506.0.html\r\nTimeout: 4 s.\r\nCaused by: ElementClickInterceptedException: element click intercepted: Element <button id=\"continueButton2\" class=\"style__GenericButton-nm7nxs-0 style__StyledButton-nm7nxs-1 mwDTa fAkIBH\" style=\"justify-self: flex-end; min-width: 9rem;\">...</button> is not clickable at point (1004, 637). Other element would receive the click: <div class=\"styles_acceptCookiesContainer__22cuY\">...</div>\r\n\tat com.codeborne.selenide.impl.ExceptionWrapper.wrap(ExceptionWrapper.java:26)\r\n\tat com.codeborne.selenide.impl.SelenideElementProxy.dispatchAndRetry(SelenideElementProxy.java:154)\r\n\tat com.codeborne.selenide.impl.SelenideElementProxy.invoke(SelenideElementProxy.java:84)\r\n\tat jdk.proxy2/jdk.proxy2.$Proxy17.click(Unknown Source)\r\n\tat StepObject.BuyTicketSteps.ContinueBuy1(BuyTicketSteps.java:62)\r\n\tat BuyTicketTest.Buyticket(BuyTicketTest.java:26)\r\n\tat java.base/jdk.internal.reflect.DirectMethodHandleAccessor.invoke(DirectMethodHandleAccessor.java:104)\r\n\tat java.base/java.lang.reflect.Method.invoke(Method.java:578)\r\n\tat org.testng.internal.invokers.MethodInvocationHelper.invokeMethod(MethodInvocationHelper.java:139)\r\n\tat org.testng.internal.invokers.TestInvoker.invokeMethod(TestInvoker.java:677)\r\n\tat org.testng.internal.invokers.TestInvoker.invokeTestMethod(TestInvoker.java:221)\r\n\tat org.testng.internal.invokers.MethodRunner.runInSequence(MethodRunner.java:50)\r\n\tat org.testng.internal.invokers.TestInvoker$MethodInvocationAgent.invoke(TestInvoker.java:969)\r\n\tat org.testng.internal.invokers.TestInvoker.invokeTestMethods(TestInvoker.java:194)\r\n\tat org.testng.internal.invokers.TestMethodWorker.invokeTestMethods(TestMethodWorker.java:148)\r\n\tat org.testng.internal.invokers.TestMethodWorker.run(TestMethodWorker.java:128)\r\n\tat java.base/java.util.ArrayList.forEach(ArrayList.java:1511)\r\n\tat org.testng.TestRunner.privateRun(TestRunner.java:829)\r\n\tat org.testng.TestRunner.run(TestRunner.java:602)\r\n\tat org.testng.SuiteRunner.runTest(SuiteRunner.java:437)\r\n\tat org.testng.SuiteRunner.runSequentially(SuiteRunner.java:431)\r\n\tat org.testng.SuiteRunner.privateRun(SuiteRunner.java:391)\r\n\tat org.testng.SuiteRunner.run(SuiteRunner.java:330)\r\n\tat org.testng.SuiteRunnerWorker.runSuite(SuiteRunnerWorker.java:52)\r\n\tat org.testng.SuiteRunnerWorker.run(SuiteRunnerWorker.java:95)\r\n\tat org.testng.TestNG.runSuitesSequentially(TestNG.java:1256)\r\n\tat org.testng.TestNG.runSuitesLocally(TestNG.java:1176)\r\n\tat org.testng.TestNG.runSuites(TestNG.java:1099)\r\n\tat org.testng.TestNG.run(TestNG.java:1067)\r\n\tat com.intellij.rt.testng.IDEARemoteTestNG.run(IDEARemoteTestNG.java:66)\r\n\tat com.intellij.rt.testng.RemoteTestNGStarter.main(RemoteTestNGStarter.java:109)\r\nCaused by: org.openqa.selenium.ElementClickInterceptedException: element click intercepted: Element <button id=\"continueButton2\" class=\"style__GenericButton-nm7nxs-0 style__StyledButton-nm7nxs-1 mwDTa fAkIBH\" style=\"justify-self: flex-end; min-width: 9rem;\">...</button> is not clickable at point (1004, 637). Other element would receive the click: <div class=\"styles_acceptCookiesContainer__22cuY\">...</div>\n  (Session info: chrome=111.0.5563.65)\nBuild info: version: '4.8.1', revision: '8ebccac989'\nSystem info: os.name: 'Windows 11', os.arch: 'amd64', os.version: '10.0', java.version: '19.0.1'\nDriver info: org.openqa.selenium.chrome.ChromeDriver\nCommand: [632a92cc1c0a931eaadb10f37f92050d, clickElement {id=ff8c0904-6fb6-4535-94c4-bd108198d5b2}]\nCapabilities {acceptInsecureCerts: true, browserName: chrome, browserVersion: 111.0.5563.65, chrome: {chromedriverVersion: 111.0.5563.64 (c710e93d5b63..., userDataDir: C:\\Users\\TORNIK~1.GOG\\AppDa...}, goog:chromeOptions: {debuggerAddress: localhost:52458}, networkConnectionEnabled: false, pageLoadStrategy: normal, platformName: WINDOWS, proxy: Proxy(), se:cdp: ws://localhost:52458/devtoo..., se:cdpVersion: 111.0.5563.65, setWindowRect: true, strictFileInteractability: false, timeouts: {implicit: 0, pageLoad: 300000, script: 30000}, unhandledPromptBehavior: accept, webauthn:extension:credBlob: true, webauthn:extension:largeBlob: true, webauthn:extension:minPinLength: true, webauthn:extension:prf: true, webauthn:virtualAuthenticators: true}\nElement: [[ChromeDriver: chrome on WINDOWS (632a92cc1c0a931eaadb10f37f92050d)] -> class name: fAkIBH]\nSession ID: 632a92cc1c0a931eaadb10f37f92050d\r\n\tat java.base/jdk.internal.reflect.DirectConstructorHandleAccessor.newInstance(DirectConstructorHandleAccessor.java:67)\r\n\tat java.base/java.lang.reflect.Constructor.newInstanceWithCaller(Constructor.java:500)\r\n\tat java.base/java.lang.reflect.Constructor.newInstance(Constructor.java:484)\r\n\tat org.openqa.selenium.remote.codec.w3c.W3CHttpResponseCodec.createException(W3CHttpResponseCodec.java:200)\r\n\tat org.openqa.selenium.remote.codec.w3c.W3CHttpResponseCodec.decode(W3CHttpResponseCodec.java:133)\r\n\tat org.openqa.selenium.remote.codec.w3c.W3CHttpResponseCodec.decode(W3CHttpResponseCodec.java:53)\r\n\tat org.openqa.selenium.remote.HttpCommandExecutor.execute(HttpCommandExecutor.java:184)\r\n\tat org.openqa.selenium.remote.service.DriverCommandExecutor.invokeExecute(DriverCommandExecutor.java:167)\r\n\tat org.openqa.selenium.remote.service.DriverCommandExecutor.execute(DriverCommandExecutor.java:142)\r\n\tat org.openqa.selenium.remote.RemoteWebDriver.execute(RemoteWebDriver.java:543)\r\n\tat org.openqa.selenium.remote.RemoteWebElement.execute(RemoteWebElement.java:257)\r\n\tat org.openqa.selenium.remote.RemoteWebElement.click(RemoteWebElement.java:78)\r\n\tat com.codeborne.selenide.commands.Click.defaultClick(Click.java:97)\r\n\tat com.codeborne.selenide.commands.Click.click(Click.java:54)\r\n\tat com.codeborne.selenide.commands.Click.execute(Click.java:31)\r\n\tat com.codeborne.selenide.commands.Click.execute(Click.java:21)\r\n\tat com.codeborne.selenide.commands.Commands.execute(Commands.java:159)\r\n\tat com.codeborne.selenide.impl.SelenideElementProxy.dispatchAndRetry(SelenideElementProxy.java:132)\r\n\t... 29 more\r\n"},"stage":"finished","steps":[],"attachments":[],"parameters":[],"start":1679480616693,"stop":1679480625842}