{"uuid":"a739cea8-9e41-4219-9379-06fc5d8ce66c","historyId":"767dc1b640941c6b0c214a87422d41e9","fullName":"MovieTest.MovieTest","labels":[{"name":"package","value":"MovieTest"},{"name":"testClass","value":"MovieTest"},{"name":"testMethod","value":"MovieTest"},{"name":"parentSuite","value":"Automation Suite"},{"name":"suite","value":"MovieTest"},{"name":"subSuite","value":"MovieTest"},{"name":"host","value":"t-gogia"},{"name":"thread","value":"4948@t-gogia.TestNG-tests-1(31)"},{"name":"framework","value":"testng"},{"name":"language","value":"java"}],"links":[],"name":"MovieTest","status":"failed","statusDetails":{"known":false,"muted":false,"flaky":false,"message":"Invalid element state [By.id: XMLID_421_]: element click intercepted: Element <circle id=\"XMLID_421_\" cx=\"292.9\" cy=\"581.8\" r=\"12.6\"></circle> is not clickable at point (242, 510). Other element would receive the click: <rect id=\"XMLID_200_\" x=\"203.2\" y=\"72.3\" class=\"st0\" width=\"1020\" height=\"648.4\"></rect>\r\nScreenshot: file:/C:/Users/tornike.gogia/IdeaProjects/FinalProject/build/reports/tests/1679583141043.0.png\r\nPage source: file:/C:/Users/tornike.gogia/IdeaProjects/FinalProject/build/reports/tests/1679583141043.0.html\r\nTimeout: 4 s.\r\nCaused by: ElementClickInterceptedException: element click intercepted: Element <circle id=\"XMLID_421_\" cx=\"292.9\" cy=\"581.8\" r=\"12.6\"></circle> is not clickable at point (242, 510). Other element would receive the click: <rect id=\"XMLID_200_\" x=\"203.2\" y=\"72.3\" class=\"st0\" width=\"1020\" height=\"648.4\"></rect>","trace":"Invalid element state [By.id: XMLID_421_]: element click intercepted: Element <circle id=\"XMLID_421_\" cx=\"292.9\" cy=\"581.8\" r=\"12.6\"></circle> is not clickable at point (242, 510). Other element would receive the click: <rect id=\"XMLID_200_\" x=\"203.2\" y=\"72.3\" class=\"st0\" width=\"1020\" height=\"648.4\"></rect>\r\nScreenshot: file:/C:/Users/tornike.gogia/IdeaProjects/FinalProject/build/reports/tests/1679583141043.0.png\r\nPage source: file:/C:/Users/tornike.gogia/IdeaProjects/FinalProject/build/reports/tests/1679583141043.0.html\r\nTimeout: 4 s.\r\nCaused by: ElementClickInterceptedException: element click intercepted: Element <circle id=\"XMLID_421_\" cx=\"292.9\" cy=\"581.8\" r=\"12.6\"></circle> is not clickable at point (242, 510). Other element would receive the click: <rect id=\"XMLID_200_\" x=\"203.2\" y=\"72.3\" class=\"st0\" width=\"1020\" height=\"648.4\"></rect>\r\n\tat com.codeborne.selenide.impl.ExceptionWrapper.wrap(ExceptionWrapper.java:26)\r\n\tat com.codeborne.selenide.impl.SelenideElementProxy.dispatchAndRetry(SelenideElementProxy.java:154)\r\n\tat com.codeborne.selenide.impl.SelenideElementProxy.invoke(SelenideElementProxy.java:84)\r\n\tat jdk.proxy2/jdk.proxy2.$Proxy17.click(Unknown Source)\r\n\tat StepObject.MovieSteps.ChooseSeat(MovieSteps.java:42)\r\n\tat MovieTest.MovieTest(MovieTest.java:16)\r\n\tat java.base/jdk.internal.reflect.DirectMethodHandleAccessor.invoke(DirectMethodHandleAccessor.java:104)\r\n\tat java.base/java.lang.reflect.Method.invoke(Method.java:578)\r\n\tat org.testng.internal.invokers.MethodInvocationHelper.invokeMethod(MethodInvocationHelper.java:139)\r\n\tat org.testng.internal.invokers.TestInvoker.invokeMethod(TestInvoker.java:677)\r\n\tat org.testng.internal.invokers.TestInvoker.invokeTestMethod(TestInvoker.java:221)\r\n\tat org.testng.internal.invokers.MethodRunner.runInSequence(MethodRunner.java:50)\r\n\tat org.testng.internal.invokers.TestInvoker$MethodInvocationAgent.invoke(TestInvoker.java:969)\r\n\tat org.testng.internal.invokers.TestInvoker.invokeTestMethods(TestInvoker.java:194)\r\n\tat org.testng.internal.invokers.TestMethodWorker.invokeTestMethods(TestMethodWorker.java:148)\r\n\tat org.testng.internal.invokers.TestMethodWorker.run(TestMethodWorker.java:128)\r\n\tat java.base/java.util.ArrayList.forEach(ArrayList.java:1511)\r\n\tat org.testng.TestRunner.privateRun(TestRunner.java:829)\r\n\tat org.testng.TestRunner.run(TestRunner.java:602)\r\n\tat org.testng.SuiteRunner.runTest(SuiteRunner.java:437)\r\n\tat org.testng.SuiteRunner$SuiteWorker.run(SuiteRunner.java:475)\r\n\tat org.testng.internal.thread.ThreadUtil.lambda$execute$0(ThreadUtil.java:58)\r\n\tat java.base/java.util.concurrent.FutureTask.run(FutureTask.java:317)\r\n\tat java.base/java.util.concurrent.ThreadPoolExecutor.runWorker(ThreadPoolExecutor.java:1144)\r\n\tat java.base/java.util.concurrent.ThreadPoolExecutor$Worker.run(ThreadPoolExecutor.java:642)\r\n\tat java.base/java.lang.Thread.run(Thread.java:1589)\r\nCaused by: org.openqa.selenium.ElementClickInterceptedException: element click intercepted: Element <circle id=\"XMLID_421_\" cx=\"292.9\" cy=\"581.8\" r=\"12.6\"></circle> is not clickable at point (242, 510). Other element would receive the click: <rect id=\"XMLID_200_\" x=\"203.2\" y=\"72.3\" class=\"st0\" width=\"1020\" height=\"648.4\"></rect>\n  (Session info: chrome=111.0.5563.65)\nBuild info: version: '4.8.1', revision: '8ebccac989'\nSystem info: os.name: 'Windows 11', os.arch: 'amd64', os.version: '10.0', java.version: '19.0.1'\nDriver info: org.openqa.selenium.chrome.ChromeDriver\nCommand: [baa2bf7f4841f56fb2b29ddf3b9d60e2, clickElement {id=f9238341-485b-472c-bc5b-4f09f5dfc978}]\nCapabilities {acceptInsecureCerts: true, browserName: chrome, browserVersion: 111.0.5563.65, chrome: {chromedriverVersion: 111.0.5563.64 (c710e93d5b63..., userDataDir: C:\\Users\\TORNIK~1.GOG\\AppDa...}, goog:chromeOptions: {debuggerAddress: localhost:57124}, networkConnectionEnabled: false, pageLoadStrategy: normal, platformName: WINDOWS, proxy: Proxy(), se:cdp: ws://localhost:57124/devtoo..., se:cdpVersion: 111.0.5563.65, setWindowRect: true, strictFileInteractability: false, timeouts: {implicit: 0, pageLoad: 300000, script: 30000}, unhandledPromptBehavior: accept, webauthn:extension:credBlob: true, webauthn:extension:largeBlob: true, webauthn:extension:minPinLength: true, webauthn:extension:prf: true, webauthn:virtualAuthenticators: true}\nElement: [[ChromeDriver: chrome on WINDOWS (baa2bf7f4841f56fb2b29ddf3b9d60e2)] -> id: XMLID_421_]\nSession ID: baa2bf7f4841f56fb2b29ddf3b9d60e2\r\n\tat java.base/jdk.internal.reflect.DirectConstructorHandleAccessor.newInstance(DirectConstructorHandleAccessor.java:67)\r\n\tat java.base/java.lang.reflect.Constructor.newInstanceWithCaller(Constructor.java:500)\r\n\tat java.base/java.lang.reflect.Constructor.newInstance(Constructor.java:484)\r\n\tat org.openqa.selenium.remote.codec.w3c.W3CHttpResponseCodec.createException(W3CHttpResponseCodec.java:200)\r\n\tat org.openqa.selenium.remote.codec.w3c.W3CHttpResponseCodec.decode(W3CHttpResponseCodec.java:133)\r\n\tat org.openqa.selenium.remote.codec.w3c.W3CHttpResponseCodec.decode(W3CHttpResponseCodec.java:53)\r\n\tat org.openqa.selenium.remote.HttpCommandExecutor.execute(HttpCommandExecutor.java:184)\r\n\tat org.openqa.selenium.remote.service.DriverCommandExecutor.invokeExecute(DriverCommandExecutor.java:167)\r\n\tat org.openqa.selenium.remote.service.DriverCommandExecutor.execute(DriverCommandExecutor.java:142)\r\n\tat org.openqa.selenium.remote.RemoteWebDriver.execute(RemoteWebDriver.java:543)\r\n\tat org.openqa.selenium.remote.RemoteWebElement.execute(RemoteWebElement.java:257)\r\n\tat org.openqa.selenium.remote.RemoteWebElement.click(RemoteWebElement.java:78)\r\n\tat com.codeborne.selenide.commands.Click.defaultClick(Click.java:97)\r\n\tat com.codeborne.selenide.commands.Click.click(Click.java:54)\r\n\tat com.codeborne.selenide.commands.Click.execute(Click.java:31)\r\n\tat com.codeborne.selenide.commands.Click.execute(Click.java:21)\r\n\tat com.codeborne.selenide.commands.Commands.execute(Commands.java:159)\r\n\tat com.codeborne.selenide.impl.SelenideElementProxy.dispatchAndRetry(SelenideElementProxy.java:132)\r\n\t... 24 more\r\n"},"stage":"finished","steps":[],"attachments":[],"parameters":[],"start":1679583125086,"stop":1679583141349}